[INFO][Thu Jul 15 2021 15:01:03 GMT+0800 (中国标准时间)] 创建logs文件夹
[INFO][Thu Jul 15 2021 15:01:03 GMT+0800 (中国标准时间)] [+] /sources -> album
[INFO][Thu Jul 15 2021 15:01:03 GMT+0800 (中国标准时间)] [+] /sources -> anime
[INFO][Thu Jul 15 2021 15:01:03 GMT+0800 (中国标准时间)] [+] /sources -> ebook
[INFO][Thu Jul 15 2021 15:01:03 GMT+0800 (中国标准时间)] [+] /sources -> game
[INFO][Thu Jul 15 2021 15:01:03 GMT+0800 (中国标准时间)] [+] /sources -> illustration
[INFO][Thu Jul 15 2021 15:01:03 GMT+0800 (中国标准时间)] [+] /sources -> manga
[INFO][Thu Jul 15 2021 15:01:03 GMT+0800 (中国标准时间)] [+] /sources -> movie
[INFO][Thu Jul 15 2021 15:01:03 GMT+0800 (中国标准时间)] [+] /sources -> video
[INFO][Thu Jul 15 2021 15:01:03 GMT+0800 (中国标准时间)] [+] /sources/game -> adv
[INFO][Thu Jul 15 2021 15:01:03 GMT+0800 (中国标准时间)] [+] /sources/game -> gal
[INFO][Thu Jul 15 2021 15:01:03 GMT+0800 (中国标准时间)] [+] /sources/game -> slg
[INFO][Thu Jul 15 2021 15:01:03 GMT+0800 (中国标准时间)] [+] /sources/game/gal -> summer pockets
[INFO][Thu Jul 15 2021 15:33:33 GMT+0800 (中国标准时间)] [+] /sources -> album
[INFO][Thu Jul 15 2021 15:33:33 GMT+0800 (中国标准时间)] [+] /sources -> anime
[INFO][Thu Jul 15 2021 15:33:33 GMT+0800 (中国标准时间)] [+] /sources -> ebook
[INFO][Thu Jul 15 2021 15:33:33 GMT+0800 (中国标准时间)] [+] /sources -> game
[INFO][Thu Jul 15 2021 15:33:33 GMT+0800 (中国标准时间)] [+] /sources -> illustration
[INFO][Thu Jul 15 2021 15:33:33 GMT+0800 (中国标准时间)] [+] /sources -> manga
[INFO][Thu Jul 15 2021 15:33:33 GMT+0800 (中国标准时间)] [+] /sources -> movie
[INFO][Thu Jul 15 2021 15:33:33 GMT+0800 (中国标准时间)] [+] /sources -> video
[INFO][Thu Jul 15 2021 15:33:33 GMT+0800 (中国标准时间)] [+] /sources/game -> adv
[INFO][Thu Jul 15 2021 15:33:33 GMT+0800 (中国标准时间)] [+] /sources/game -> gal
[INFO][Thu Jul 15 2021 15:33:33 GMT+0800 (中国标准时间)] [+] /sources/game -> slg
[INFO][Thu Jul 15 2021 15:33:33 GMT+0800 (中国标准时间)] [+] /sources/game/gal -> summer pockets
[INFO][Thu Jul 15 2021 15:38:43 GMT+0800 (中国标准时间)] [-] /sources -> game
[INFO][Thu Jul 15 2021 15:41:45 GMT+0800 (中国标准时间)] [+] /sources -> game
[INFO][Thu Jul 15 2021 15:42:25 GMT+0800 (中国标准时间)] [-] /sources -> game
[INFO][Thu Jul 15 2021 15:42:41 GMT+0800 (中国标准时间)] [+] /sources -> game
[INFO][Thu Jul 15 2021 15:42:41 GMT+0800 (中国标准时间)] [+] /sources/game -> adv
[INFO][Thu Jul 15 2021 15:42:41 GMT+0800 (中国标准时间)] [+] /sources/game -> gal
[INFO][Thu Jul 15 2021 15:42:41 GMT+0800 (中国标准时间)] [+] /sources/game -> slg
[INFO][Thu Jul 15 2021 15:42:41 GMT+0800 (中国标准时间)] [+] /sources/game/gal -> summer pockets
[INFO][Thu Jul 15 2021 15:52:18 GMT+0800 (中国标准时间)] [+] /sources/game/gal -> summer pockets
[INFO][Thu Jul 15 2021 15:56:54 GMT+0800 (中国标准时间)] [+] /sources/game/gal -> summer pockets
[INFO][Thu Jul 15 2021 19:06:30 GMT+0800 (中国标准时间)] [+] /sources/anime -> bangumi
[INFO][Thu Jul 15 2021 19:06:30 GMT+0800 (中国标准时间)] [+] /sources/anime -> ova
[INFO][Thu Jul 15 2021 19:06:30 GMT+0800 (中国标准时间)] [+] /sources/anime/bangumi -> ぼくたちのリメイク (2020)
[INFO][Thu Jul 15 2021 19:06:30 GMT+0800 (中国标准时间)] [+] /sources/anime/bangumi -> 探偵はもう、死んでいる。 (2021)
[INFO][Thu Jul 15 2021 19:06:30 GMT+0800 (中国标准时间)] [+] /sources/anime/bangumi -> 迷宮ブラックカンパニー (2021)
[INFO][Thu Jul 15 2021 19:10:09 GMT+0800 (中国标准时间)] [+] /sources/anime/bangumi -> ぼくたちのリメイク (2020)
[INFO][Thu Jul 15 2021 19:10:09 GMT+0800 (中国标准时间)] [+] /sources/anime/bangumi -> 探偵はもう、死んでいる。 (2021)
[INFO][Thu Jul 15 2021 19:10:09 GMT+0800 (中国标准时间)] [+] /sources/anime/bangumi -> 迷宮ブラックカンパニー (2021)
[INFO][Thu Jul 15 2021 19:10:32 GMT+0800 (中国标准时间)] [+] /sources/anime -> bangumi
[INFO][Thu Jul 15 2021 19:10:32 GMT+0800 (中国标准时间)] [+] /sources/anime -> ova
[INFO][Thu Jul 15 2021 19:10:32 GMT+0800 (中国标准时间)] [+] /sources/anime/bangumi -> ぼくたちのリメイク (2020)
[INFO][Thu Jul 15 2021 19:10:32 GMT+0800 (中国标准时间)] [+] /sources/anime/bangumi -> 探偵はもう、死んでいる。 (2021)
[INFO][Thu Jul 15 2021 19:10:32 GMT+0800 (中国标准时间)] [+] /sources/anime/bangumi -> 迷宮ブラックカンパニー (2021)
[INFO][Thu Jul 15 2021 19:13:52 GMT+0800 (中国标准时间)] [+] /sources/anime -> bangumi
[INFO][Thu Jul 15 2021 19:13:52 GMT+0800 (中国标准时间)] [+] /sources/anime -> ova
[INFO][Thu Jul 15 2021 19:13:52 GMT+0800 (中国标准时间)] [+] /sources/anime/bangumi -> ぼくたちのリメイク (2020)
[INFO][Thu Jul 15 2021 19:13:52 GMT+0800 (中国标准时间)] [+] /sources/anime/bangumi -> 探偵はもう、死んでいる。 (2021)
[INFO][Thu Jul 15 2021 19:13:52 GMT+0800 (中国标准时间)] [+] /sources/anime/bangumi -> 迷宮ブラックカンパニー (2021)
[INFO][Thu Jul 15 2021 19:18:53 GMT+0800 (中国标准时间)] [+] /sources/anime -> bangumi
[INFO][Thu Jul 15 2021 19:18:53 GMT+0800 (中国标准时间)] [+] /sources/anime -> ova
[INFO][Thu Jul 15 2021 19:18:53 GMT+0800 (中国标准时间)] [+] /sources/anime/bangumi -> ぼくたちのリメイク (2020)
[INFO][Thu Jul 15 2021 19:18:53 GMT+0800 (中国标准时间)] [+] /sources/anime/bangumi -> 探偵はもう、死んでいる。 (2021)
[INFO][Thu Jul 15 2021 19:18:53 GMT+0800 (中国标准时间)] [+] /sources/anime/bangumi -> 迷宮ブラックカンパニー (2021)
[INFO][Thu Jul 15 2021 19:28:37 GMT+0800 (中国标准时间)] [+] /sources/anime -> bangumi
[INFO][Thu Jul 15 2021 19:28:37 GMT+0800 (中国标准时间)] [+] /sources/anime -> ova
[INFO][Thu Jul 15 2021 19:28:37 GMT+0800 (中国标准时间)] [+] /sources/anime/bangumi -> ぼくたちのリメイク (2020)
[INFO][Thu Jul 15 2021 19:28:37 GMT+0800 (中国标准时间)] [+] /sources/anime/bangumi -> 探偵はもう、死んでいる。 (2021)
[INFO][Thu Jul 15 2021 19:28:37 GMT+0800 (中国标准时间)] [+] /sources/anime/bangumi -> 迷宮ブラックカンパニー (2021)
[INFO][Thu Jul 15 2021 19:28:37 GMT+0800 (中国标准时间)] [+] /sources/anime/bangumi/ぼくたちのリメイク (2020) -> up
[INFO][Thu Jul 15 2021 19:28:37 GMT+0800 (中国标准时间)] [+] /sources/anime/bangumi/探偵はもう、死んでいる。 (2021) -> up
[INFO][Thu Jul 15 2021 19:28:37 GMT+0800 (中国标准时间)] [+] /sources/anime/bangumi/迷宮ブラックカンパニー (2021) -> up
[INFO][Thu Jul 15 2021 19:31:48 GMT+0800 (中国标准时间)] [+] /sources/anime -> bangumi
[INFO][Thu Jul 15 2021 19:31:48 GMT+0800 (中国标准时间)] [+] /sources/anime -> ova
[INFO][Thu Jul 15 2021 19:31:48 GMT+0800 (中国标准时间)] [+] /sources/anime/bangumi -> ぼくたちのリメイク (2020)
[INFO][Thu Jul 15 2021 19:31:48 GMT+0800 (中国标准时间)] [+] /sources/anime/bangumi -> 探偵はもう、死んでいる。 (2021)
[INFO][Thu Jul 15 2021 19:31:48 GMT+0800 (中国标准时间)] [+] /sources/anime/bangumi -> 迷宮ブラックカンパニー (2021)
[INFO][Thu Jul 15 2021 19:31:48 GMT+0800 (中国标准时间)] [+] /sources/anime/bangumi/ぼくたちのリメイク (2020) -> UP
[INFO][Thu Jul 15 2021 19:31:48 GMT+0800 (中国标准时间)] [+] /sources/anime/bangumi/探偵はもう、死んでいる。 (2021) -> UP
[INFO][Thu Jul 15 2021 19:31:48 GMT+0800 (中国标准时间)] [+] /sources/anime/bangumi/迷宮ブラックカンパニー (2021) -> UP
[INFO][Thu Jul 15 2021 19:33:09 GMT+0800 (中国标准时间)] [+] /sources/anime -> bangumi
[INFO][Thu Jul 15 2021 19:33:09 GMT+0800 (中国标准时间)] [+] /sources/anime -> ova
[INFO][Thu Jul 15 2021 19:33:09 GMT+0800 (中国标准时间)] [+] /sources/anime/bangumi -> ぼくたちのリメイク (2020)
[INFO][Thu Jul 15 2021 19:33:09 GMT+0800 (中国标准时间)] [+] /sources/anime/bangumi -> 探偵はもう、死んでいる。 (2021)
[INFO][Thu Jul 15 2021 19:33:09 GMT+0800 (中国标准时间)] [+] /sources/anime/bangumi -> 迷宮ブラックカンパニー (2021)
[INFO][Thu Jul 15 2021 19:33:09 GMT+0800 (中国标准时间)] [+] /sources/anime/bangumi/ぼくたちのリメイク (2020) -> UP
[INFO][Thu Jul 15 2021 19:33:09 GMT+0800 (中国标准时间)] [+] /sources/anime/bangumi/探偵はもう、死んでいる。 (2021) -> UP
[INFO][Thu Jul 15 2021 19:33:09 GMT+0800 (中国标准时间)] [+] /sources/anime/bangumi/迷宮ブラックカンパニー (2021) -> UP
[INFO][Thu Jul 15 2021 19:39:09 GMT+0800 (中国标准时间)] [-] /sources -> movie
[INFO][Thu Jul 15 2021 19:39:09 GMT+0800 (中国标准时间)] [-] /sources -> video
[INFO][Thu Jul 15 2021 19:39:09 GMT+0800 (中国标准时间)] [+] /sources/anime -> bangumi
[INFO][Thu Jul 15 2021 19:39:09 GMT+0800 (中国标准时间)] [+] /sources/anime -> ova
[INFO][Thu Jul 15 2021 19:39:09 GMT+0800 (中国标准时间)] [+] /sources/anime/bangumi -> ぼくたちのリメイク (2020)
[INFO][Thu Jul 15 2021 19:39:09 GMT+0800 (中国标准时间)] [+] /sources/anime/bangumi -> 探偵はもう、死んでいる。 (2021)
[INFO][Thu Jul 15 2021 19:39:09 GMT+0800 (中国标准时间)] [+] /sources/anime/bangumi -> 迷宮ブラックカンパニー (2021)
[INFO][Thu Jul 15 2021 19:39:09 GMT+0800 (中国标准时间)] [+] /sources/anime/bangumi/ぼくたちのリメイク (2020) -> UP
[INFO][Thu Jul 15 2021 19:39:09 GMT+0800 (中国标准时间)] [+] /sources/anime/bangumi/探偵はもう、死んでいる。 (2021) -> UP
[INFO][Thu Jul 15 2021 19:39:09 GMT+0800 (中国标准时间)] [+] /sources/anime/bangumi/迷宮ブラックカンパニー (2021) -> UP
[INFO][Thu Jul 15 2021 19:41:55 GMT+0800 (中国标准时间)] [+] /sources -> movie
[INFO][Thu Jul 15 2021 19:41:55 GMT+0800 (中国标准时间)] [+] /sources -> video
[INFO][Thu Jul 15 2021 19:41:55 GMT+0800 (中国标准时间)] [+] /sources/anime/bangumi/ぼくたちのリメイク (2020) -> UP
[INFO][Thu Jul 15 2021 19:41:55 GMT+0800 (中国标准时间)] [+] /sources/anime/bangumi/探偵はもう、死んでいる。 (2021) -> UP
[INFO][Thu Jul 15 2021 19:41:55 GMT+0800 (中国标准时间)] [+] /sources/anime/bangumi/迷宮ブラックカンパニー (2021) -> UP
[INFO][Thu Jul 15 2021 19:42:00 GMT+0800 (中国标准时间)] [+] /sources/anime/bangumi/ぼくたちのリメイク (2020) -> UP
[INFO][Thu Jul 15 2021 19:42:00 GMT+0800 (中国标准时间)] [+] /sources/anime/bangumi/探偵はもう、死んでいる。 (2021) -> UP
[INFO][Thu Jul 15 2021 19:42:00 GMT+0800 (中国标准时间)] [+] /sources/anime/bangumi/迷宮ブラックカンパニー (2021) -> UP
[INFO][Thu Jul 15 2021 20:09:18 GMT+0800 (中国标准时间)] [UP] /sources/anime/bangumi/ぼくたちのリメイク (2020)
[INFO][Thu Jul 15 2021 20:09:18 GMT+0800 (中国标准时间)] [UP] /sources/anime/bangumi/探偵はもう、死んでいる。 (2021)
[INFO][Thu Jul 15 2021 20:09:18 GMT+0800 (中国标准时间)] [UP] /sources/anime/bangumi/迷宮ブラックカンパニー (2021)
[INFO][Thu Jul 15 2021 20:09:34 GMT+0800 (中国标准时间)] [+] /sources/anime -> bangumi
[INFO][Thu Jul 15 2021 20:09:34 GMT+0800 (中国标准时间)] [+] /sources/anime -> ova
[INFO][Thu Jul 15 2021 20:09:34 GMT+0800 (中国标准时间)] [+] /sources/anime/bangumi -> ぼくたちのリメイク (2020)
[INFO][Thu Jul 15 2021 20:09:34 GMT+0800 (中国标准时间)] [+] /sources/anime/bangumi -> 探偵はもう、死んでいる。 (2021)
[INFO][Thu Jul 15 2021 20:09:34 GMT+0800 (中国标准时间)] [+] /sources/anime/bangumi -> 迷宮ブラックカンパニー (2021)
[INFO][Thu Jul 15 2021 20:09:34 GMT+0800 (中国标准时间)] [UP] /sources/anime/bangumi/ぼくたちのリメイク (2020)
[INFO][Thu Jul 15 2021 20:09:34 GMT+0800 (中国标准时间)] [UP] /sources/anime/bangumi/探偵はもう、死んでいる。 (2021)
[INFO][Thu Jul 15 2021 20:09:34 GMT+0800 (中国标准时间)] [UP] /sources/anime/bangumi/迷宮ブラックカンパニー (2021)
[INFO][Thu Jul 15 2021 20:17:56 GMT+0800 (中国标准时间)] [+] /sources/anime/bangumi/ぼくたちのリメイク (2020) -> UP
[INFO][Thu Jul 15 2021 20:17:56 GMT+0800 (中国标准时间)] [+] /sources/anime/bangumi/探偵はもう、死んでいる。 (2021) -> UP
[INFO][Thu Jul 15 2021 20:17:56 GMT+0800 (中国标准时间)] [+] /sources/anime/bangumi/迷宮ブラックカンパニー (2021) -> UP
[INFO][Thu Jul 15 2021 20:18:00 GMT+0800 (中国标准时间)] [+] /sources/anime/bangumi/ぼくたちのリメイク (2020) -> UP
[INFO][Thu Jul 15 2021 20:18:00 GMT+0800 (中国标准时间)] [+] /sources/anime/bangumi/探偵はもう、死んでいる。 (2021) -> UP
[INFO][Thu Jul 15 2021 20:18:00 GMT+0800 (中国标准时间)] [+] /sources/anime/bangumi/迷宮ブラックカンパニー (2021) -> UP
[INFO][Thu Jul 15 2021 20:46:31 GMT+0800 (中国标准时间)] [+] /sources/anime/bangumi/ぼくたちのリメイク (2020) -> UP
[INFO][Thu Jul 15 2021 20:49:16 GMT+0800 (中国标准时间)] [+] /sources/anime/bangumi/ぼくたちのリメイク (2020) -> UP
[INFO][Thu Jul 15 2021 20:50:01 GMT+0800 (中国标准时间)] [+] /sources/anime/bangumi/ぼくたちのリメイク (2020) -> UP
[INFO][Thu Jul 15 2021 20:54:25 GMT+0800 (中国标准时间)] [+] /sources/anime/bangumi/ぼくたちのリメイク (2020) -> UP
[INFO][Thu Jul 15 2021 20:54:58 GMT+0800 (中国标准时间)] [+] /sources/anime/bangumi/ぼくたちのリメイク (2020) -> UP
[INFO][Thu Jul 15 2021 20:55:28 GMT+0800 (中国标准时间)] [+] /sources/anime/bangumi/ぼくたちのリメイク (2020) -> UP
[INFO][Thu Jul 15 2021 21:01:58 GMT+0800 (中国标准时间)] [+] /sources/anime/bangumi/ぼくたちのリメイク (2020) -> UP
[INFO][Sat Jul 17 2021 09:03:22 GMT+0800 (中国标准时间)] [+] /sources -> album
[INFO][Sat Jul 17 2021 09:03:22 GMT+0800 (中国标准时间)] [+] /sources -> anime
[INFO][Sat Jul 17 2021 09:03:22 GMT+0800 (中国标准时间)] [+] /sources -> ebook
[INFO][Sat Jul 17 2021 09:03:22 GMT+0800 (中国标准时间)] [+] /sources -> game
[INFO][Sat Jul 17 2021 09:03:22 GMT+0800 (中国标准时间)] [+] /sources -> illustration
[INFO][Sat Jul 17 2021 09:03:22 GMT+0800 (中国标准时间)] [+] /sources -> manga
[INFO][Sat Jul 17 2021 09:03:22 GMT+0800 (中国标准时间)] [+] /sources -> movie
[INFO][Sat Jul 17 2021 09:03:22 GMT+0800 (中国标准时间)] [+] /sources -> video
[INFO][Sat Jul 17 2021 10:58:44 GMT+0800 (中国标准时间)] [+] /sources -> album
[INFO][Sat Jul 17 2021 10:58:44 GMT+0800 (中国标准时间)] [+] /sources -> anime
[INFO][Sat Jul 17 2021 10:58:44 GMT+0800 (中国标准时间)] [+] /sources -> ebook
[INFO][Sat Jul 17 2021 10:58:44 GMT+0800 (中国标准时间)] [+] /sources -> game
[INFO][Sat Jul 17 2021 10:58:44 GMT+0800 (中国标准时间)] [+] /sources -> illustration
[INFO][Sat Jul 17 2021 10:58:44 GMT+0800 (中国标准时间)] [+] /sources -> manga
[INFO][Sat Jul 17 2021 10:58:44 GMT+0800 (中国标准时间)] [+] /sources -> movie
[INFO][Sat Jul 17 2021 10:58:44 GMT+0800 (中国标准时间)] [+] /sources -> video
[INFO][Sat Jul 17 2021 10:59:58 GMT+0800 (中国标准时间)] [+] /sources -> album
[INFO][Sat Jul 17 2021 10:59:58 GMT+0800 (中国标准时间)] [+] /sources -> anime
[INFO][Sat Jul 17 2021 10:59:58 GMT+0800 (中国标准时间)] [+] /sources -> ebook
[INFO][Sat Jul 17 2021 10:59:58 GMT+0800 (中国标准时间)] [+] /sources -> game
[INFO][Sat Jul 17 2021 10:59:58 GMT+0800 (中国标准时间)] [+] /sources -> illustration
[INFO][Sat Jul 17 2021 10:59:58 GMT+0800 (中国标准时间)] [+] /sources -> manga
[INFO][Sat Jul 17 2021 10:59:58 GMT+0800 (中国标准时间)] [+] /sources -> movie
[INFO][Sat Jul 17 2021 10:59:58 GMT+0800 (中国标准时间)] [+] /sources -> video
[INFO][Sat Jul 17 2021 11:00:03 GMT+0800 (中国标准时间)] [!] /sources/sources.log.config -> null
[INFO][Sat Jul 17 2021 11:00:03 GMT+0800 (中国标准时间)] [+] /sources -> album
[INFO][Sat Jul 17 2021 11:00:03 GMT+0800 (中国标准时间)] [+] /sources -> anime
[INFO][Sat Jul 17 2021 11:00:03 GMT+0800 (中国标准时间)] [+] /sources -> ebook
[INFO][Sat Jul 17 2021 11:00:03 GMT+0800 (中国标准时间)] [+] /sources -> game
[INFO][Sat Jul 17 2021 11:00:03 GMT+0800 (中国标准时间)] [+] /sources -> illustration
[INFO][Sat Jul 17 2021 11:00:03 GMT+0800 (中国标准时间)] [+] /sources -> manga
[INFO][Sat Jul 17 2021 11:00:03 GMT+0800 (中国标准时间)] [+] /sources -> movie
[INFO][Sat Jul 17 2021 11:00:03 GMT+0800 (中国标准时间)] [+] /sources -> video
[INFO][Sat Jul 17 2021 11:00:11 GMT+0800 (中国标准时间)] [!] /sources/sources.log.config -> null
[INFO][Sat Jul 17 2021 11:00:11 GMT+0800 (中国标准时间)] [+] /sources -> album
[INFO][Sat Jul 17 2021 11:00:11 GMT+0800 (中国标准时间)] [+] /sources -> anime
[INFO][Sat Jul 17 2021 11:00:11 GMT+0800 (中国标准时间)] [+] /sources -> ebook
[INFO][Sat Jul 17 2021 11:00:11 GMT+0800 (中国标准时间)] [+] /sources -> game
[INFO][Sat Jul 17 2021 11:00:11 GMT+0800 (中国标准时间)] [+] /sources -> illustration
[INFO][Sat Jul 17 2021 11:00:11 GMT+0800 (中国标准时间)] [+] /sources -> manga
[INFO][Sat Jul 17 2021 11:00:11 GMT+0800 (中国标准时间)] [+] /sources -> movie
[INFO][Sat Jul 17 2021 11:00:11 GMT+0800 (中国标准时间)] [+] /sources -> video
[INFO][Sat Jul 17 2021 11:18:19 GMT+0800 (中国标准时间)] [!] /sources/sources.log.config -> null
[INFO][Sat Jul 17 2021 11:18:19 GMT+0800 (中国标准时间)] [+] /sources -> album
[INFO][Sat Jul 17 2021 11:18:19 GMT+0800 (中国标准时间)] [+] /sources -> anime
[INFO][Sat Jul 17 2021 11:18:19 GMT+0800 (中国标准时间)] [+] /sources -> ebook
[INFO][Sat Jul 17 2021 11:18:19 GMT+0800 (中国标准时间)] [+] /sources -> game
[INFO][Sat Jul 17 2021 11:18:19 GMT+0800 (中国标准时间)] [+] /sources -> illustration
[INFO][Sat Jul 17 2021 11:18:19 GMT+0800 (中国标准时间)] [+] /sources -> manga
[INFO][Sat Jul 17 2021 11:18:19 GMT+0800 (中国标准时间)] [+] /sources -> movie
[INFO][Sat Jul 17 2021 11:18:19 GMT+0800 (中国标准时间)] [+] /sources -> video
[INFO][Sat Jul 17 2021 11:18:59 GMT+0800 (中国标准时间)] [!] /sources/sources.log.config -> null
[INFO][Sat Jul 17 2021 11:18:59 GMT+0800 (中国标准时间)] [+] /sources -> album
[INFO][Sat Jul 17 2021 11:18:59 GMT+0800 (中国标准时间)] [+] /sources -> anime
[INFO][Sat Jul 17 2021 11:18:59 GMT+0800 (中国标准时间)] [+] /sources -> ebook
[INFO][Sat Jul 17 2021 11:18:59 GMT+0800 (中国标准时间)] [+] /sources -> game
[INFO][Sat Jul 17 2021 11:18:59 GMT+0800 (中国标准时间)] [+] /sources -> illustration
[INFO][Sat Jul 17 2021 11:18:59 GMT+0800 (中国标准时间)] [+] /sources -> manga
[INFO][Sat Jul 17 2021 11:18:59 GMT+0800 (中国标准时间)] [+] /sources -> movie
[INFO][Sat Jul 17 2021 11:18:59 GMT+0800 (中国标准时间)] [+] /sources -> video
[INFO][Sat Jul 17 2021 11:22:49 GMT+0800 (中国标准时间)] [!] /sources/sources.log.config -> null
[INFO][Sat Jul 17 2021 11:22:49 GMT+0800 (中国标准时间)] [+] /sources -> album
[INFO][Sat Jul 17 2021 11:22:49 GMT+0800 (中国标准时间)] [+] /sources -> anime
[INFO][Sat Jul 17 2021 11:22:49 GMT+0800 (中国标准时间)] [+] /sources -> ebook
[INFO][Sat Jul 17 2021 11:22:49 GMT+0800 (中国标准时间)] [+] /sources -> game
[INFO][Sat Jul 17 2021 11:22:49 GMT+0800 (中国标准时间)] [+] /sources -> illustration
[INFO][Sat Jul 17 2021 11:22:49 GMT+0800 (中国标准时间)] [+] /sources -> manga
[INFO][Sat Jul 17 2021 11:22:49 GMT+0800 (中国标准时间)] [+] /sources -> movie
[INFO][Sat Jul 17 2021 11:22:49 GMT+0800 (中国标准时间)] [+] /sources -> video
[INFO][Mon Jul 19 2021 07:57:05 GMT+0800 (中国标准时间)] [+] /sources -> album
[INFO][Mon Jul 19 2021 07:57:05 GMT+0800 (中国标准时间)] [+] /sources -> anime
[INFO][Mon Jul 19 2021 07:57:05 GMT+0800 (中国标准时间)] [+] /sources -> ebook
[INFO][Mon Jul 19 2021 07:57:05 GMT+0800 (中国标准时间)] [+] /sources -> game
[INFO][Mon Jul 19 2021 07:57:05 GMT+0800 (中国标准时间)] [+] /sources -> illustration
[INFO][Mon Jul 19 2021 07:57:05 GMT+0800 (中国标准时间)] [+] /sources -> manga
[INFO][Mon Jul 19 2021 07:57:05 GMT+0800 (中国标准时间)] [+] /sources -> movie
[INFO][Mon Jul 19 2021 07:57:05 GMT+0800 (中国标准时间)] [+] /sources -> video
[INFO][Mon Jul 19 2021 07:57:05 GMT+0800 (中国标准时间)] [+] /sources/anime -> bangumi
[INFO][Mon Jul 19 2021 07:57:05 GMT+0800 (中国标准时间)] [+] /sources/anime -> ova
[INFO][Mon Jul 19 2021 07:57:05 GMT+0800 (中国标准时间)] [+] /sources/game -> adv
[INFO][Mon Jul 19 2021 07:57:05 GMT+0800 (中国标准时间)] [+] /sources/game -> gal
[INFO][Mon Jul 19 2021 07:57:05 GMT+0800 (中国标准时间)] [+] /sources/game -> slg
[INFO][Mon Jul 19 2021 07:57:05 GMT+0800 (中国标准时间)] [+] /sources/game/gal -> summer pockets
[INFO][Mon Jul 19 2021 09:07:47 GMT+0800 (中国标准时间)] [+] /sources/anime/ova -> クロスロード (2014)
[INFO][Mon Jul 19 2021 09:09:29 GMT+0800 (中国标准时间)] [+] /sources/anime/ova/クロスロード (2014) -> UP
[INFO][Mon Jul 19 2021 09:09:29 GMT+0800 (中国标准时间)] [+] /sources/manga -> serialize
[INFO][Mon Jul 19 2021 09:09:29 GMT+0800 (中国标准时间)] [+] /sources/manga -> volume
[INFO][Mon Jul 19 2021 09:09:29 GMT+0800 (中国标准时间)] [+] /sources/manga/serialize -> 白圣女与黑牧师连载版24
[INFO][Mon Jul 19 2021 09:09:29 GMT+0800 (中国标准时间)] [+] /sources/manga/serialize/白圣女与黑牧师连载版24 -> UP
[INFO][Mon Jul 19 2021 09:09:29 GMT+0800 (中国标准时间)] [+] /sources/manga/volume -> pencil
[INFO][Mon Jul 19 2021 09:09:29 GMT+0800 (中国标准时间)] [+] /sources/manga/volume/pencil -> UP
[INFO][Mon Jul 19 2021 16:46:30 GMT+0800 (中国标准时间)] [+] /sources -> music
[INFO][Mon Jul 19 2021 16:46:30 GMT+0800 (中国标准时间)] [+] /sources/anime/ova -> クロスロード (2014)
[INFO][Mon Jul 19 2021 16:46:30 GMT+0800 (中国标准时间)] [+] /sources/anime/ova/クロスロード (2014) -> UP
[INFO][Mon Jul 19 2021 16:46:30 GMT+0800 (中国标准时间)] [+] /sources/manga/volume -> pencil
[INFO][Mon Jul 19 2021 16:46:30 GMT+0800 (中国标准时间)] [+] /sources/manga/volume/pencil -> UP
[INFO][Mon Jul 19 2021 17:03:23 GMT+0800 (中国标准时间)] [+] /sources/anime/ova -> クロスロード (2014)
[INFO][Mon Jul 19 2021 17:03:23 GMT+0800 (中国标准时间)] [+] /sources/anime/ova/クロスロード (2014) -> UP
[INFO][Mon Jul 19 2021 17:03:23 GMT+0800 (中国标准时间)] [+] /sources/manga/volume -> pencil
[INFO][Mon Jul 19 2021 17:03:23 GMT+0800 (中国标准时间)] [+] /sources/manga/volume/pencil -> UP
[INFO][Mon Jul 19 2021 17:13:01 GMT+0800 (中国标准时间)] [+] /sources/manga/serialize/白圣女与黑牧师连载版24 -> UP
[INFO][Mon Jul 19 2021 17:13:29 GMT+0800 (中国标准时间)] [+] /sources/manga/serialize/白圣女与黑牧师连载版24 -> UP
[INFO][Mon Jul 19 2021 17:13:29 GMT+0800 (中国标准时间)] [+] /sources/manga/volume/pencil -> UP
[INFO][Mon Jul 19 2021 17:13:54 GMT+0800 (中国标准时间)] [+] /sources/manga/serialize/白圣女与黑牧师连载版24 -> UP
[INFO][Mon Jul 19 2021 17:13:54 GMT+0800 (中国标准时间)] [+] /sources/manga/volume/pencil -> UP
[INFO][Mon Jul 19 2021 17:28:02 GMT+0800 (中国标准时间)] [+] /sources/anime/ova/クロスロード (2014) -> UP
[INFO][Mon Jul 19 2021 17:28:02 GMT+0800 (中国标准时间)] [+] /sources/manga/serialize/白圣女与黑牧师连载版24 -> UP
[INFO][Mon Jul 19 2021 17:28:02 GMT+0800 (中国标准时间)] [+] /sources/manga/volume/pencil -> UP
[INFO][Mon Jul 19 2021 17:28:22 GMT+0800 (中国标准时间)] [+] /sources/anime/ova/クロスロード (2014) -> UP
[INFO][Mon Jul 19 2021 17:28:22 GMT+0800 (中国标准时间)] [+] /sources/manga/serialize/白圣女与黑牧师连载版24 -> UP
[INFO][Mon Jul 19 2021 17:28:22 GMT+0800 (中国标准时间)] [+] /sources/manga/volume/pencil -> UP
[INFO][Mon Jul 19 2021 17:29:23 GMT+0800 (中国标准时间)] [+] /sources/anime/ova/クロスロード (2014) -> UP
[INFO][Mon Jul 19 2021 17:29:23 GMT+0800 (中国标准时间)] [+] /sources/manga/serialize/白圣女与黑牧师连载版24 -> UP
[INFO][Mon Jul 19 2021 17:29:23 GMT+0800 (中国标准时间)] [+] /sources/manga/volume/pencil -> UP
